<?xml version="1.0" encoding="UTF-8"?>
<!-- Generated by org.testng.reporters.JUnitReportReporter -->
<testsuite skipped="0" hostname="DESKTOP-5R9C8DJ" name="test.LoginTest" tests="1" failures="0" timestamp="2022-07-25T17:34:46 CDT" time="9.604" errors="0">
  <testcase name="validUserShouldBeAbleToLogin" time="9.604" classname="test.LoginTest"/>
  <system-out/>
</testsuite> <!-- test.LoginTest -->
