<?xml version="1.0" encoding="UTF-8"?>
<!-- Generated by org.testng.reporters.JUnitReportReporter -->
<testsuite hostname="DESKTOP-5R9C8DJ" failures="0" tests="1" name="test.LoginTest" time="3.415" errors="0" timestamp="2022-07-21T15:27:44 CDT" skipped="0">
  <testcase classname="test.LoginTest" name="validUserShouldBeAbleToLogin" time="3.415"/>
  <system-out/>
</testsuite> <!-- test.LoginTest -->
